Flow report for McGumps
Sun Nov 28 21:40:05 2010
Quartus II Version 10.0 Build 218 06/27/2010 SJ Full Version


---------------------
; Table of Contents ;
---------------------
  1. Legal Notice
  2. Flow Summary
  3. Flow Settings
  4. Flow Non-Default Global Settings
  5. Flow Elapsed Time
  6. Flow OS Summary
  7. Flow Log



----------------
; Legal Notice ;
----------------
Copyright (C) 1991-2010 Altera Corporation
Your use of Altera Corporation's design tools, logic functions 
and other software and tools, and its AMPP partner logic 
functions, and any output files from any of the foregoing 
(including device programming or simulation files), and any 
associated documentation or information are expressly subject 
to the terms and conditions of the Altera Program License 
Subscription Agreement, Altera MegaCore Function License 
Agreement, or other applicable license agreement, including, 
without limitation, that your use is for the sole purpose of 
programming logic devices manufactured by Altera and sold by 
Altera or its authorized distributors.  Please refer to the 
applicable agreement for further details.



+---------------------------------------------------------------------+
; Flow Summary                                                        ;
+-------------------------+-------------------------------------------+
; Flow Status             ; Successful - Sun Nov 28 21:40:05 2010     ;
; Quartus II Version      ; 10.0 Build 218 06/27/2010 SJ Full Version ;
; Revision Name           ; McGumps                                   ;
; Top-level Entity Name   ; McGumps                                   ;
; Family                  ; MAX7000AE                                 ;
; Device                  ; EPM7128AELC84-10                          ;
; Timing Models           ; Final                                     ;
; Met timing requirements ; Yes                                       ;
; Total macrocells        ; 29 / 128 ( 23 % )                         ;
; Total pins              ; 66 / 68 ( 97 % )                          ;
+-------------------------+-------------------------------------------+


+-----------------------------------------+
; Flow Settings                           ;
+-------------------+---------------------+
; Option            ; Setting             ;
+-------------------+---------------------+
; Start date & time ; 11/28/2010 21:39:52 ;
; Main task         ; Compilation         ;
; Revision Name     ; McGumps             ;
+-------------------+---------------------+


+--------------------------------------------------------------------------------------------------------+
; Flow Non-Default Global Settings                                                                       ;
+------------------------+------------------------------------+---------------+-------------+------------+
; Assignment Name        ; Value                              ; Default Value ; Entity Name ; Section Id ;
+------------------------+------------------------------------+---------------+-------------+------------+
; COMPILER_SIGNATURE_ID  ; 156784777114.129099839205808       ; --            ; --          ; --         ;
; MAX_CORE_JUNCTION_TEMP ; 85                                 ; --            ; --          ; --         ;
; MIN_CORE_JUNCTION_TEMP ; 0                                  ; --            ; --          ; --         ;
; MISC_FILE              ; C:/Altera Temp/McGumps/McGumps.dpf ; --            ; --          ; --         ;
+------------------------+------------------------------------+---------------+-------------+------------+


+-----------------------------------------------------------------------------------------------------------------------------+
; Flow Elapsed Time                                                                                                           ;
+-------------------------+--------------+-------------------------+---------------------+------------------------------------+
; Module Name             ; Elapsed Time ; Average Processors Used ; Peak Virtual Memory ; Total CPU Time (on all processors) ;
+-------------------------+--------------+-------------------------+---------------------+------------------------------------+
; Analysis & Synthesis    ; 00:00:08     ; 1.0                     ; 239 MB              ; 00:00:03                           ;
; Fitter                  ; 00:00:03     ; 1.0                     ; 204 MB              ; 00:00:01                           ;
; Assembler               ; 00:00:03     ; 1.0                     ; 199 MB              ; 00:00:01                           ;
; Classic Timing Analyzer ; 00:00:02     ; 1.0                     ; 170 MB              ; 00:00:00                           ;
; Total                   ; 00:00:16     ; --                      ; --                  ; 00:00:05                           ;
+-------------------------+--------------+-------------------------+---------------------+------------------------------------+


+------------------------------------------------------------------------------------------+
; Flow OS Summary                                                                          ;
+-------------------------+------------------+---------------+------------+----------------+
; Module Name             ; Machine Hostname ; OS Name       ; OS Version ; Processor type ;
+-------------------------+------------------+---------------+------------+----------------+
; Analysis & Synthesis    ; 156TR4160MP-703  ; Windows Vista ; 6.1        ; i686           ;
; Fitter                  ; 156TR4160MP-703  ; Windows Vista ; 6.1        ; i686           ;
; Assembler               ; 156TR4160MP-703  ; Windows Vista ; 6.1        ; i686           ;
; Classic Timing Analyzer ; 156TR4160MP-703  ; Windows Vista ; 6.1        ; i686           ;
+-------------------------+------------------+---------------+------------+----------------+


------------
; Flow Log ;
------------
quartus_map --read_settings_files=on --write_settings_files=off McGumps -c McGumps
quartus_fit --read_settings_files=off --write_settings_files=off McGumps -c McGumps
quartus_asm --read_settings_files=off --write_settings_files=off McGumps -c McGumps
quartus_tan --read_settings_files=off --write_settings_files=off McGumps -c McGumps



